# JRE version: 7.0_17-b02
# Java VM: Java HotSpot(TM) 64-Bit Server VM (23.7-b01 mixed mode windows-amd64 compressed oops)
Heap
 PSYoungGen      total 173120K, used 30552K [0x00000000f0000000, 0x00000000fda10000, 0x0000000100000000)
  eden space 126272K, 12% used [0x00000000f0000000,0x00000000f0f2e7d8,0x00000000f7b50000)
  from space 46848K, 32% used [0x00000000fac50000,0x00000000fbaf79c8,0x00000000fda10000)
  to   space 48512K, 0% used [0x00000000f7b50000,0x00000000f7b50000,0x00000000faab0000)
 ParOldGen       total 119744K, used 87187K [0x00000000d0000000, 0x00000000d74f0000, 0x00000000f0000000)
  object space 119744K, 72% used [0x00000000d0000000,0x00000000d5524d88,0x00000000d74f0000)
 PSPermGen       total 120064K, used 86854K [0x00000000b8000000, 0x00000000bf540000, 0x00000000d0000000)
  object space 120064K, 72% used [0x00000000b8000000,0x00000000bd4d1ba8,0x00000000bf540000)
GC Heap History (10 events):
Event: 763.437 GC heap before
{Heap before GC invocations=82 (full 4):
 PSYoungGen      total 135552K, used 135532K [0x00000000f0000000, 0x00000000fe660000, 0x0000000100000000)
  eden space 112128K, 100% used [0x00000000f0000000,0x00000000f6d80000,0x00000000f6d80000)
  from space 23424K, 99% used [0x00000000f6d80000,0x00000000f845b140,0x00000000f8460000)
  to   space 59968K, 0% used [0x00000000fabd0000,0x00000000fabd0000,0x00000000fe660000)
 ParOldGen       total 119744K, used 84053K [0x00000000d0000000, 0x00000000d74f0000, 0x00000000f0000000)
  object space 119744K, 70% used [0x00000000d0000000,0x00000000d5215760,0x00000000d74f0000)
 PSPermGen       total 120064K, used 86832K [0x00000000b8000000, 0x00000000bf540000, 0x00000000d0000000)
  object space 120064K, 72% used [0x00000000b8000000,0x00000000bd4cc2b0,0x00000000bf540000)
Event: 763.496 GC heap after
Heap after GC invocations=82 (full 4):
 PSYoungGen      total 174272K, used 17434K [0x00000000f0000000, 0x00000000fe300000, 0x0000000100000000)
  eden space 117760K, 0% used [0x00000000f0000000,0x00000000f0000000,0x00000000f7300000)
  from space 56512K, 30% used [0x00000000fabd0000,0x00000000fbcd6968,0x00000000fe300000)
  to   space 57344K, 0% used [0x00000000f7300000,0x00000000f7300000,0x00000000fab00000)
 ParOldGen       total 119744K, used 84693K [0x00000000d0000000, 0x00000000d74f0000, 0x00000000f0000000)
  object space 119744K, 70% used [0x00000000d0000000,0x00000000d52b5670,0x00000000d74f0000)
 PSPermGen       total 120064K, used 86832K [0x00000000b8000000, 0x00000000bf540000, 0x00000000d0000000)
  object space 120064K, 72% used [0x00000000b8000000,0x00000000bd4cc2b0,0x00000000bf540000)
}
Event: 898.594 GC heap before
{Heap before GC invocations=83 (full 4):
 PSYoungGen      total 174272K, used 135194K [0x00000000f0000000, 0x00000000fe300000, 0x0000000100000000)
  eden space 117760K, 100% used [0x00000000f0000000,0x00000000f7300000,0x00000000f7300000)
  from space 56512K, 30% used [0x00000000fabd0000,0x00000000fbcd6968,0x00000000fe300000)
  to   space 57344K, 0% used [0x00000000f7300000,0x00000000f7300000,0x00000000fab00000)
 ParOldGen       total 119744K, used 84693K [0x00000000d0000000, 0x00000000d74f0000, 0x00000000f0000000)
  object space 119744K, 70% used [0x00000000d0000000,0x00000000d52b5670,0x00000000d74f0000)
 PSPermGen       total 120064K, used 86833K [0x00000000b8000000, 0x00000000bf540000, 0x00000000d0000000)
  object space 120064K, 72% used [0x00000000b8000000,0x00000000bd4cc780,0x00000000bf540000)
Event: 898.663 GC heap after
Heap after GC invocations=83 (full 4):
 PSYoungGen      total 175104K, used 17299K [0x00000000f0000000, 0x00000000fe2d0000, 0x0000000100000000)
  eden space 117760K, 0% used [0x00000000f0000000,0x00000000f0000000,0x00000000f7300000)
  from space 57344K, 30% used [0x00000000f7300000,0x00000000f83e4fa8,0x00000000fab00000)
  to   space 54848K, 0% used [0x00000000fad40000,0x00000000fad40000,0x00000000fe2d0000)
 ParOldGen       total 119744K, used 84733K [0x00000000d0000000, 0x00000000d74f0000, 0x00000000f0000000)
  object space 119744K, 70% used [0x00000000d0000000,0x00000000d52bf670,0x00000000d74f0000)
 PSPermGen       total 120064K, used 86833K [0x00000000b8000000, 0x00000000bf540000, 0x00000000d0000000)
  object space 120064K, 72% used [0x00000000b8000000,0x00000000bd4cc780,0x00000000bf540000)
}
Event: 933.661 GC heap before
{Heap before GC invocations=84 (full 4):
 PSYoungGen      total 175104K, used 135059K [0x00000000f0000000, 0x00000000fe2d0000, 0x0000000100000000)
  eden space 117760K, 100% used [0x00000000f0000000,0x00000000f7300000,0x00000000f7300000)
  from space 57344K, 30% used [0x00000000f7300000,0x00000000f83e4fa8,0x00000000fab00000)
  to   space 54848K, 0% used [0x00000000fad40000,0x00000000fad40000,0x00000000fe2d0000)
 ParOldGen       total 119744K, used 84733K [0x00000000d0000000, 0x00000000d74f0000, 0x00000000f0000000)
  object space 119744K, 70% used [0x00000000d0000000,0x00000000d52bf670,0x00000000d74f0000)
 PSPermGen       total 120064K, used 86843K [0x00000000b8000000, 0x00000000bf540000, 0x00000000d0000000)
  object space 120064K, 72% used [0x00000000b8000000,0x00000000bd4ceef8,0x00000000bf540000)
Event: 933.722 GC heap after
Heap after GC invocations=84 (full 4):
 PSYoungGen      total 171008K, used 17831K [0x00000000f0000000, 0x00000000fdd50000, 0x0000000100000000)
  eden space 121792K, 0% used [0x00000000f0000000,0x00000000f0000000,0x00000000f76f0000)
  from space 49216K, 36% used [0x00000000fad40000,0x00000000fbea9f70,0x00000000fdd50000)
  to   space 52416K, 0% used [0x00000000f76f0000,0x00000000f76f0000,0x00000000faa20000)
 ParOldGen       total 119744K, used 84851K [0x00000000d0000000, 0x00000000d74f0000, 0x00000000f0000000)
  object space 119744K, 70% used [0x00000000d0000000,0x00000000d52dcc58,0x00000000d74f0000)
 PSPermGen       total 120064K, used 86843K [0x00000000b8000000, 0x00000000bf540000, 0x00000000d0000000)
  object space 120064K, 72% used [0x00000000b8000000,0x00000000bd4ceef8,0x00000000bf540000)
}
Event: 942.817 GC heap before
{Heap before GC invocations=85 (full 4):
 PSYoungGen      total 171008K, used 139623K [0x00000000f0000000, 0x00000000fdd50000, 0x0000000100000000)
  eden space 121792K, 100% used [0x00000000f0000000,0x00000000f76f0000,0x00000000f76f0000)
  from space 49216K, 36% used [0x00000000fad40000,0x00000000fbea9f70,0x00000000fdd50000)
  to   space 52416K, 0% used [0x00000000f76f0000,0x00000000f76f0000,0x00000000faa20000)
 ParOldGen       total 119744K, used 84851K [0x00000000d0000000, 0x00000000d74f0000, 0x00000000f0000000)
  object space 119744K, 70% used [0x00000000d0000000,0x00000000d52dcc58,0x00000000d74f0000)
 PSPermGen       total 120064K, used 86849K [0x00000000b8000000, 0x00000000bf540000, 0x00000000d0000000)
  object space 120064K, 72% used [0x00000000b8000000,0x00000000bd4d0650,0x00000000bf540000)
Event: 942.869 GC heap after
Heap after GC invocations=85 (full 4):
 PSYoungGen      total 174208K, used 15708K [0x00000000f0000000, 0x00000000fdd80000, 0x0000000100000000)
  eden space 121792K, 0% used [0x00000000f0000000,0x00000000f0000000,0x00000000f76f0000)
  from space 52416K, 29% used [0x00000000f76f0000,0x00000000f8647210,0x00000000faa20000)
  to   space 50368K, 0% used [0x00000000fac50000,0x00000000fac50000,0x00000000fdd80000)
 ParOldGen       total 119744K, used 86451K [0x00000000d0000000, 0x00000000d74f0000, 0x00000000f0000000)
  object space 119744K, 72% used [0x00000000d0000000,0x00000000d546cc58,0x00000000d74f0000)
 PSPermGen       total 120064K, used 86849K [0x00000000b8000000, 0x00000000bf540000, 0x00000000d0000000)
  object space 120064K, 72% used [0x00000000b8000000,0x00000000bd4d0650,0x00000000bf540000)
}
Event: 954.349 GC heap before
{Heap before GC invocations=86 (full 4):
 PSYoungGen      total 174208K, used 137500K [0x00000000f0000000, 0x00000000fdd80000, 0x0000000100000000)
  eden space 121792K, 100% used [0x00000000f0000000,0x00000000f76f0000,0x00000000f76f0000)
  from space 52416K, 29% used [0x00000000f76f0000,0x00000000f8647210,0x00000000faa20000)
  to   space 50368K, 0% used [0x00000000fac50000,0x00000000fac50000,0x00000000fdd80000)
 ParOldGen       total 119744K, used 86451K [0x00000000d0000000, 0x00000000d74f0000, 0x00000000f0000000)
  object space 119744K, 72% used [0x00000000d0000000,0x00000000d546cc58,0x00000000d74f0000)
 PSPermGen       total 120064K, used 86854K [0x00000000b8000000, 0x00000000bf540000, 0x00000000d0000000)
  object space 120064K, 72% used [0x00000000b8000000,0x00000000bd4d1ba8,0x00000000bf540000)
Event: 954.426 GC heap after
Heap after GC invocations=86 (full 4):
 PSYoungGen      total 173120K, used 15006K [0x00000000f0000000, 0x00000000fda10000, 0x0000000100000000)
  eden space 126272K, 0% used [0x00000000f0000000,0x00000000f0000000,0x00000000f7b50000)
  from space 46848K, 32% used [0x00000000fac50000,0x00000000fbaf79c8,0x00000000fda10000)
  to   space 48512K, 0% used [0x00000000f7b50000,0x00000000f7b50000,0x00000000faab0000)
 ParOldGen       total 119744K, used 87187K [0x00000000d0000000, 0x00000000d74f0000, 0x00000000f0000000)
  object space 119744K, 72% used [0x00000000d0000000,0x00000000d5524d88,0x00000000d74f0000)
 PSPermGen       total 120064K, used 86854K [0x00000000b8000000, 0x00000000bf540000, 0x00000000d0000000)
  object space 120064K, 72% used [0x00000000b8000000,0x00000000bd4d1ba8,0x00000000bf540000)
}

